<?xml version="1.0" encoding="UTF-8"?>
<!-- Generated by org.testng.reporters.JUnitReportReporter -->
<testsuite skipped="0" hostname="DESKTOP-1NGQHJ2" name="testClasses.LoginTest" tests="3" failures="0" timestamp="2023-01-25T19:21:34 IST" time="20.339" errors="0">
  <testcase name="tc01" time="4.183" classname="testClasses.LoginTest"/>
  <system-out>
    <![CDATA[LoginPage Validation]]>
  </system-out>
  <testcase name="tco2" time="8.419" classname="testClasses.LoginTest"/>
  <system-out>
    <![CDATA[HomePage Validation]]>
  </system-out>
  <testcase name="tc03" time="7.737" classname="testClasses.LoginTest"/>
  <system-out>
    <![CDATA[Table data sorted Validation
After Click on Amount Header Options are Sorted]]>
  </system-out>
</testsuite> <!-- testClasses.LoginTest -->
